<?xml version="1.0" encoding="UTF-8"?>
<testsuite name="jpabook.jpashop.MemberRepositoryTest" tests="1" skipped="0" failures="0" errors="0" timestamp="2024-06-25T14:05:06" hostname="DESKTOP-24E7HA8" time="1.692">
  <properties/>
  <testcase name="testMember" classname="jpabook.jpashop.MemberRepositoryTest" time="1.692"/>
  <system-out><![CDATA[23:04:55.881 [Test worker] INFO org.springframework.boot.devtools.restart.RestartApplicationListener -- Restart disabled due to context in which it is running

  .   ____          _            __ _ _
 /\\ / ___'_ __ _ _(_)_ __  __ _ \ \ \ \
( ( )\___ | '_ | '_| | '_ \/ _` | \ \ \ \
 \\/  ___)| |_)| | | | | || (_| |  ) ) ) )
  '  |____| .__|_| |_|_| |_\__, | / / / /
 =========|_|==============|___/=/_/_/_/

 :: Spring Boot ::                (v3.3.1)

2024-06-25T23:04:56.663+09:00  INFO 26436 --- [    Test worker] jpabook.jpashop.MemberRepositoryTest     : Starting MemberRepositoryTest using Java 17.0.11 with PID 26436 (started by jerry in C:\Users\jerry\OneDrive\바탕 화면\coding\jpashop)
2024-06-25T23:04:56.669+09:00  INFO 26436 --- [    Test worker] jpabook.jpashop.MemberRepositoryTest     : No active profile set, falling back to 1 default profile: "default"
2024-06-25T23:04:58.888+09:00  INFO 26436 --- [    Test worker] .s.d.r.c.RepositoryConfigurationDelegate : Bootstrapping Spring Data JPA repositories in DEFAULT mode.
2024-06-25T23:04:58.968+09:00  INFO 26436 --- [    Test worker] .s.d.r.c.RepositoryConfigurationDelegate : Finished Spring Data repository scanning in 61 ms. Found 0 JPA repository interfaces.
2024-06-25T23:05:00.363+09:00  INFO 26436 --- [    Test worker] o.hibernate.jpa.internal.util.LogHelper  : HHH000204: Processing PersistenceUnitInfo [name: default]
2024-06-25T23:05:00.605+09:00  INFO 26436 --- [    Test worker] org.hibernate.Version                    : HHH000412: Hibernate ORM core version 6.5.2.Final
2024-06-25T23:05:00.765+09:00  INFO 26436 --- [    Test worker] o.h.c.internal.RegionFactoryInitiator    : HHH000026: Second-level cache disabled
2024-06-25T23:05:01.854+09:00  INFO 26436 --- [    Test worker] o.s.o.j.p.SpringPersistenceUnitInfo      : No LoadTimeWeaver setup: ignoring JPA class transformer
2024-06-25T23:05:01.972+09:00  INFO 26436 --- [    Test worker] com.zaxxer.hikari.HikariDataSource       : HikariPool-1 - Starting...
2024-06-25T23:05:02.217+09:00  INFO 26436 --- [    Test worker] com.zaxxer.hikari.pool.HikariPool        : HikariPool-1 - Added connection conn0: url=jdbc:h2:tcp://localhost/~/jpashop user=SA
2024-06-25T23:05:02.217+09:00  INFO 26436 --- [    Test worker] com.zaxxer.hikari.HikariDataSource       : HikariPool-1 - Start completed.
2024-06-25T23:05:04.671+09:00  INFO 26436 --- [    Test worker] o.h.e.t.j.p.i.JtaPlatformInitiator       : HHH000489: No JTA platform available (set 'hibernate.transaction.jta.platform' to enable JTA platform integration)
2024-06-25T23:05:04.710+09:00 DEBUG 26436 --- [    Test worker] org.hibernate.SQL                        : 
    drop table if exists member cascade 
2024-06-25T23:05:04.722+09:00 DEBUG 26436 --- [    Test worker] org.hibernate.SQL                        : 
    drop sequence if exists member_seq
2024-06-25T23:05:04.743+09:00 DEBUG 26436 --- [    Test worker] org.hibernate.SQL                        : 
    create sequence member_seq start with 1 increment by 50
2024-06-25T23:05:04.755+09:00 DEBUG 26436 --- [    Test worker] org.hibernate.SQL                        : 
    create table member (
        id bigint not null,
        username varchar(255),
        primary key (id)
    )
2024-06-25T23:05:04.764+09:00  INFO 26436 --- [    Test worker] j.LocalContainerEntityManagerFactoryBean : Initialized JPA EntityManagerFactory for persistence unit 'default'
2024-06-25T23:05:05.180+09:00  WARN 26436 --- [    Test worker] JpaBaseConfiguration$JpaWebConfiguration : spring.jpa.open-in-view is enabled by default. Therefore, database queries may be performed during view rendering. Explicitly configure spring.jpa.open-in-view to disable this warning
2024-06-25T23:05:05.235+09:00  INFO 26436 --- [    Test worker] o.s.b.a.w.s.WelcomePageHandlerMapping    : Adding welcome page: class path resource [static/index.html]
2024-06-25T23:05:06.201+09:00  INFO 26436 --- [    Test worker] jpabook.jpashop.MemberRepositoryTest     : Started MemberRepositoryTest in 10.33 seconds (process running for 15.81)
2024-06-25T23:05:07.548+09:00 DEBUG 26436 --- [    Test worker] org.hibernate.SQL                        : 
    select
        next value for member_seq
2024-06-25T23:05:07.921+09:00 DEBUG 26436 --- [    Test worker] org.hibernate.SQL                        : 
    insert 
    into
        member
        (username, id) 
    values
        (?, ?)
]]></system-out>
  <system-err><![CDATA[]]></system-err>
</testsuite>
